<?xml version="1.0" encoding="UTF-8"?>
<!-- Generated by org.testng.reporters.JUnitReportReporter -->
<testsuite hostname="LAPTOP-62LRSUPR" failures="0" tests="1" name="org.virtusaappiumtraining.AppiumFrameworkDesign.eCommerce_tc_4" time="29.484" errors="0" timestamp="2023-03-26T20:21:24 IST" skipped="0">
  <testcase classname="org.virtusaappiumtraining.AppiumFrameworkDesign.eCommerce_tc_4" name="FillForm" time="29.484"/>
  <system-out/>
</testsuite> <!-- org.virtusaappiumtraining.AppiumFrameworkDesign.eCommerce_tc_4 -->
