<?xml version="1.0" encoding="UTF-8"?>
<!-- Generated by org.testng.reporters.JUnitReportReporter -->
<testsuite hostname="LAPTOP-62LRSUPR" failures="0" tests="2" name="org.virtusaappiumtraining.AppiumFrameworkDesign.eCommerce_tc_1" time="33.313" errors="0" timestamp="2023-03-27T12:24:15 IST" skipped="0">
  <testcase classname="org.virtusaappiumtraining.AppiumFrameworkDesign.eCommerce_tc_1" name="FormSubmitionErrorValidation" time="6.710"/>
  <system-out/>
  <testcase classname="org.virtusaappiumtraining.AppiumFrameworkDesign.eCommerce_tc_1" name="PositiveFormSubmition" time="26.603"/>
  <system-out/>
</testsuite> <!-- org.virtusaappiumtraining.AppiumFrameworkDesign.eCommerce_tc_1 -->
